<?xml version="1.0" encoding="UTF-8"?>
<!-- Generated by org.testng.reporters.JUnitReportReporter -->
<testsuite hostname="LAPTOP-C2OOJN2C" failures="0" tests="3" name="selenium.googlemaps" time="33.879" errors="0" timestamp="2021-12-12T20:44:06 IST" skipped="0">
  <testcase classname="selenium.googlemaps" name="signup" time="15.406"/>
  <system-out/>
  <testcase classname="selenium.googlemaps" name="Login" time="18.317"/>
  <system-out/>
  <testcase classname="selenium.googlemaps" name="quit_app" time="0.156"/>
  <system-out/>
</testsuite> <!-- selenium.googlemaps -->
